Removed Pin From Net: NetName=3V3 Pin=SWD_11-1
Removed Pin From Net: NetName=SWDIO Pin=SWD_11-2
Removed Pin From Net: NetName=SWCLK Pin=SWD_11-3
Removed Pin From Net: NetName=GND Pin=SWD_11-4
Removed Pin From Net: NetName=5V Pin=SWD_12-1
Removed Pin From Net: NetName=RX Pin=SWD_12-2
Removed Pin From Net: NetName=TX Pin=SWD_12-3
Removed Pin From Net: NetName=GND Pin=SWD_12-4
Removed Pin From Net: NetName=3V3 Pin=SWD_21-1
Removed Pin From Net: NetName=SWDIO Pin=SWD_21-2
Removed Pin From Net: NetName=SWCLK Pin=SWD_21-3
Removed Pin From Net: NetName=GND Pin=SWD_21-4
Removed Pin From Net: NetName=5V Pin=SWD_22-1
Removed Pin From Net: NetName=RX Pin=SWD_22-2
Removed Pin From Net: NetName=TX Pin=SWD_22-3
Removed Pin From Net: NetName=GND Pin=SWD_22-4
Removed Member From Class: ClassName=st_linkv21_block1 Member=SWD_11
Removed Member From Class: ClassName=st_linkv21_block1 Member=SWD_12
Removed Member From Class: ClassName=st_linkv21_block1 Member=SWD_21
Removed Member From Class: ClassName=st_linkv21_block1 Member=SWD_22
Added Component: Designator=SWD1(HDR1.27_8P)
Add component. Clean all parameters for all variants
Added Component: Designator=SWD2(HDR2_4P)
Add component. Clean all parameters for all variants
Added Pin To Net: NetName=5V Pin=SWD1-1
Added Pin To Net: NetName=RX Pin=SWD1-2
Added Pin To Net: NetName=TX Pin=SWD1-3
Added Pin To Net: NetName=GND Pin=SWD1-4
Added Pin To Net: NetName=3V3 Pin=SWD1-5
Added Pin To Net: NetName=SWDIO Pin=SWD1-6
Added Pin To Net: NetName=SWCLK Pin=SWD1-7
Added Pin To Net: NetName=GND Pin=SWD1-8
Added Pin To Net: NetName=3V3 Pin=SWD2-1
Added Pin To Net: NetName=SWDIO Pin=SWD2-2
Added Pin To Net: NetName=SWCLK Pin=SWD2-3
Added Pin To Net: NetName=GND Pin=SWD2-4
Added Pin To Net: NetName=GND Pin=SWD2-5
Added Pin To Net: NetName=TX Pin=SWD2-6
Added Pin To Net: NetName=RX Pin=SWD2-7
Added Pin To Net: NetName=5V Pin=SWD2-8
Added Member To Class: ClassName=st_linkv21_block1 Member=Component SWD1 Header_1.27_8P
Added Member To Class: ClassName=st_linkv21_block1 Member=Component SWD2 Header_2.54_4p_2
Added Member To Class: ClassName=st_linkv21_block1 Member=Component USB USB_C_16P_SMT
